No errors on assembly of 'c:\_wm\stm\asm-temp\mapping.asm'
No errors on assembly of 'c:\_wm\stm\asm-temp\mapping.asm'
No errors on assembly of 'c:\_wm\stm\asm-temp\main.asm'
No errors on assembly of 'c:\_wm\stm\asm-temp\main.asm'
No errors on assembly of 'c:\_wm\stm\asm-temp\main.asm'
No errors on assembly of 'c:\_wm\stm\asm-temp\main.asm'
c:\_wm\stm\asm-temp\main.asm(11): as2 : Error 46: Illegal undefined label 'blink'
1 error on assembly of 'c:\_wm\stm\asm-temp\main.asm'
No errors on assembly of 'c:\_wm\stm\asm-temp\mapping.asm'
No errors on assembly of 'c:\_wm\stm\_asm\functions.asm'
No errors on assembly of 'c:\_wm\stm\_asm\functions.asm'
No errors on assembly of 'c:\_wm\stm\asm-temp\main.asm'
c:\_wm\stm\asm-temp\main.asm(11): as2 : Error 46: Illegal undefined label 'blink'
1 error on assembly of 'c:\_wm\stm\asm-temp\main.asm'
No errors on assembly of 'c:\_wm\stm\asm-temp\main.asm'
No errors on assembly of 'c:\_wm\stm\asm-temp\main.asm'
No errors on assembly of 'c:\_wm\stm\asm-temp\mapping.asm'
No errors on assembly of 'c:\_wm\stm\asm-temp\mapping.asm'
No errors on assembly of 'c:\_wm\stm\_asm\stm8s105c_s.asm'
No errors on assembly of 'c:\_wm\stm\_asm\stm8s105c_s.asm'
No errors on assembly of 'c:\_wm\stm\_asm\functions.asm'
No errors on assembly of 'c:\_wm\stm\_asm\functions.asm'
No errors on assembly of 'c:\_wm\stm\asm-temp\main.asm'
No errors on assembly of 'c:\_wm\stm\asm-temp\main.asm'
No errors on assembly of 'c:\_wm\stm\asm-temp\main.asm'
No errors on assembly of 'c:\_wm\stm\asm-temp\main.asm'
No errors on assembly of 'c:\_wm\stm\asm-temp\main.asm'
No errors on assembly of 'c:\_wm\stm\asm-temp\main.asm'
No errors on assembly of 'c:\_wm\stm\asm-temp\main.asm'
No errors on assembly of 'c:\_wm\stm\asm-temp\main.asm'
No errors on assembly of 'c:\_wm\stm\asm-temp\main.asm'
No errors on assembly of 'c:\_wm\stm\asm-temp\main.asm'
No errors on assembly of 'c:\_wm\stm\asm-temp\main.asm'
No errors on assembly of 'c:\_wm\stm\asm-temp\main.asm'
No errors on assembly of 'c:\_wm\stm\asm-temp\mapping.asm'
No errors on assembly of 'c:\_wm\stm\asm-temp\mapping.asm'
No errors on assembly of 'c:\_wm\stm\_asm\stm8s105c_s.asm'
No errors on assembly of 'c:\_wm\stm\_asm\stm8s105c_s.asm'
No errors on assembly of 'c:\_wm\stm\_asm\functions.asm'
No errors on assembly of 'c:\_wm\stm\_asm\functions.asm'
No errors on assembly of 'c:\_wm\stm\asm-temp\main.asm'
No errors on assembly of 'c:\_wm\stm\asm-temp\main.asm'
No errors on assembly of 'c:\_wm\stm\asm-temp\main.asm'
c:\_wm\stm\asm-temp\main.asm(45): as2 : Error 46: Illegal undefined label 'PA_ODR,#8 ; переключить светодиод '
c:\_wm\stm\asm-temp\main.asm(47): as2 : Error 46: Illegal undefined label 'wait   '
c:\_wm\stm\asm-temp\main.asm(49): as2 : Error 46: Illegal undefined label 'PA_ODR,#0 ; переключить светодиод '
c:\_wm\stm\asm-temp\main.asm(52): as2 : Error 46: Illegal undefined label 'wait'
4 errors on assembly of 'c:\_wm\stm\asm-temp\main.asm'
No errors on assembly of 'c:\_wm\stm\asm-temp\main.asm'
c:\_wm\stm\asm-temp\main.asm(48): as2 : Error 46: Illegal undefined label 'wait   '
c:\_wm\stm\asm-temp\main.asm(53): as2 : Error 46: Illegal undefined label 'wait'
2 errors on assembly of 'c:\_wm\stm\asm-temp\main.asm'
No errors on assembly of 'c:\_wm\stm\asm-temp\main.asm'
No errors on assembly of 'c:\_wm\stm\asm-temp\main.asm'
No errors on assembly of 'c:\_wm\stm\asm-temp\main.asm'
No errors on assembly of 'c:\_wm\stm\asm-temp\main.asm'
No errors on assembly of 'c:\_wm\stm\asm-temp\main.asm'
No errors on assembly of 'c:\_wm\stm\asm-temp\main.asm'
No errors on assembly of 'c:\_wm\stm\asm-temp\main.asm'
No errors on assembly of 'c:\_wm\stm\asm-temp\main.asm'
c:\_wm\stm\asm-temp\main.asm(16): as2 : Error 46: Illegal undefined label 'stack_end'
1 error on assembly of 'c:\_wm\stm\asm-temp\main.asm'
No errors on assembly of 'c:\_wm\stm\asm-temp\main.asm'
No errors on assembly of 'c:\_wm\stm\asm-temp\main.asm'
No errors on assembly of 'c:\_wm\stm\asm-temp\main.asm'
No errors on assembly of 'c:\_wm\stm\asm-temp\main.asm'
No errors on assembly of 'c:\_wm\stm\asm-temp\main.asm'
No errors on assembly of 'c:\_wm\stm\_asm\functions.asm'
No errors on assembly of 'c:\_wm\stm\asm-temp\mapping.asm'
No errors on assembly of 'c:\_wm\stm\asm-temp\mapping.asm'
No errors on assembly of 'c:\_wm\stm\_asm\stm8s105c_s.asm'
No errors on assembly of 'c:\_wm\stm\_asm\stm8s105c_s.asm'
No errors on assembly of 'c:\_wm\stm\_asm\functions.asm'
No errors on assembly of 'c:\_wm\stm\_asm\functions.asm'
No errors on assembly of 'c:\_wm\stm\asm-temp\main.asm'
No errors on assembly of 'c:\_wm\stm\asm-temp\main.asm'
No errors on assembly of 'c:\_wm\stm\asm-temp\main.asm'
c:\_wm\stm\asm-temp\main.asm(16): as2 : Error 46: Illegal undefined label 'bit3}'
c:\_wm\stm\asm-temp\main.asm(17): as2 : Error 46: Illegal undefined label 'bit2 + bit3 + bit4}'
c:\_wm\stm\asm-temp\main.asm(18): as2 : Error 46: Illegal undefined label 'bit3 + bit4 + bit5 + bit6 + bit7}'
3 errors on assembly of 'c:\_wm\stm\asm-temp\main.asm'
No errors on assembly of 'c:\_wm\stm\asm-temp\main.asm'
c:\_wm\stm\asm-temp\main.asm(16): as2 : Error 46: Illegal undefined label 'bit3}'
c:\_wm\stm\asm-temp\main.asm(17): as2 : Error 46: Illegal undefined label 'bit2+bit3+bit4}'
c:\_wm\stm\asm-temp\main.asm(18): as2 : Error 46: Illegal undefined label 'bit3 + bit4 + bit5 + bit6 + bit7}'
3 errors on assembly of 'c:\_wm\stm\asm-temp\main.asm'
c:\_wm\stm\asm-temp\main.asm(16): as1 : Error 54: Can't match Addressing mode '  mov PA_DDR,#{bit3}'
c:\_wm\stm\asm-temp\main.asm(17): as1 : Error 54: Can't match Addressing mode '  mov PD_DDR,#{bit2+bit3+bit4}'
c:\_wm\stm\asm-temp\main.asm(18): as1 : Error 54: Can't match Addressing mode '  mov PC_DDR,#{bit3 + bit4 + bit5 + bit6 + bit7}'
3 errors on assembly of 'c:\_wm\stm\asm-temp\main.asm'
c:\_wm\stm\asm-temp\main.asm(16): as1 : Error 54: Can't match Addressing mode '  mov PA_DDR,#{bit3}'
c:\_wm\stm\asm-temp\main.asm(17): as1 : Error 54: Can't match Addressing mode '  mov PD_DDR,#{bit2+bit3+bit4}'
c:\_wm\stm\asm-temp\main.asm(18): as1 : Error 54: Can't match Addressing mode '  mov PC_DDR,#{bit3 + bit4 + bit5 + bit6 + bit7}'
c:\_wm\stm\asm-temp\main.asm(16): as2 : Error 46: Illegal undefined label 'bit3}'
c:\_wm\stm\asm-temp\main.asm(17): as2 : Error 46: Illegal undefined label 'bit2+bit3+bit4}'
c:\_wm\stm\asm-temp\main.asm(18): as2 : Error 46: Illegal undefined label 'bit3 + bit4 + bit5 + bit6 + bit7}'
6 errors on assembly of 'c:\_wm\stm\asm-temp\main.asm'
No errors on assembly of 'c:\_wm\stm\asm-temp\main.asm'
No errors on assembly of 'c:\_wm\stm\asm-temp\main.asm'
c:\_wm\stm\asm-temp\main.asm(12): as1 : Error 56: unrecognised opcode '  et_delay_ms'
1 error on assembly of 'c:\_wm\stm\asm-temp\main.asm'
c:\_wm\stm\asm-temp\main.asm(12): as1 : Error 56: unrecognised opcode '  et_delay_ms'
1 error on assembly of 'c:\_wm\stm\asm-temp\main.asm'
No errors on assembly of 'c:\_wm\stm\asm-temp\main.asm'
c:\_wm\stm\asm-temp\main.asm(12): as2 : Error 46: Illegal undefined label 'set_delay_ms'
1 error on assembly of 'c:\_wm\stm\asm-temp\main.asm'
c:\_wm\stm\asm-temp\main.asm(12): as1 : Error 54: Can't match Addressing mode '  call set_delay_ms.w'
1 error on assembly of 'c:\_wm\stm\asm-temp\main.asm'
c:\_wm\stm\asm-temp\main.asm(12): as1 : Error 54: Can't match Addressing mode '  call set_delay_ms.w'
c:\_wm\stm\asm-temp\main.asm(12): as2 : Error 46: Illegal undefined label 'set_delay_ms.w'
2 errors on assembly of 'c:\_wm\stm\asm-temp\main.asm'
No errors on assembly of 'c:\_wm\stm\asm-temp\main.asm'
No errors on assembly of 'c:\_wm\stm\asm-temp\main.asm'
No errors on assembly of 'c:\_wm\stm\asm-temp\main.asm'
No errors on assembly of 'c:\_wm\stm\asm-temp\main.asm'
No errors on assembly of 'c:\_wm\stm\asm-temp\mapping.asm'
No errors on assembly of 'c:\_wm\stm\asm-temp\mapping.asm'
No errors on assembly of 'c:\_wm\stm\_asm\stm8s105c_s.asm'
No errors on assembly of 'c:\_wm\stm\_asm\stm8s105c_s.asm'
No errors on assembly of 'c:\_wm\stm\_asm\functions.asm'
No errors on assembly of 'c:\_wm\stm\_asm\functions.asm'
No errors on assembly of 'c:\_wm\stm\asm-temp\main.asm'
No errors on assembly of 'c:\_wm\stm\asm-temp\main.asm'
No errors on assembly of 'c:\_wm\stm\asm-temp\mapping.asm'
No errors on assembly of 'c:\_wm\stm\asm-temp\mapping.asm'
No errors on assembly of 'c:\_wm\stm\_asm\stm8s105c_s.asm'
No errors on assembly of 'c:\_wm\stm\_asm\stm8s105c_s.asm'
No errors on assembly of 'c:\_wm\stm\_asm\functions.asm'
No errors on assembly of 'c:\_wm\stm\_asm\functions.asm'
No errors on assembly of 'c:\_wm\stm\asm-temp\main.asm'
No errors on assembly of 'c:\_wm\stm\asm-temp\main.asm'
No errors on assembly of 'c:\_wm\stm\asm-temp\main.asm'
No errors on assembly of 'c:\_wm\stm\asm-temp\main.asm'
No errors on assembly of 'c:\_wm\stm\asm-temp\main.asm'
No errors on assembly of 'c:\_wm\stm\asm-temp\main.asm'
No errors on assembly of 'c:\_wm\stm\asm-temp\main.asm'
No errors on assembly of 'c:\_wm\stm\asm-temp\main.asm'
No errors on assembly of 'c:\_wm\stm\asm-temp\main.asm'
No errors on assembly of 'c:\_wm\stm\asm-temp\main.asm'
No errors on assembly of 'c:\_wm\stm\asm-temp\main.asm'
No errors on assembly of 'c:\_wm\stm\asm-temp\main.asm'
No errors on assembly of 'c:\_wm\stm\asm-temp\main.asm'
No errors on assembly of 'c:\_wm\stm\asm-temp\main.asm'
No errors on assembly of 'c:\_wm\stm\asm-temp\main.asm'
No errors on assembly of 'c:\_wm\stm\asm-temp\main.asm'
No errors on assembly of 'c:\_wm\stm\asm-temp\main.asm'
No errors on assembly of 'c:\_wm\stm\asm-temp\main.asm'
No errors on assembly of 'c:\_wm\stm\asm-temp\main.asm'
No errors on assembly of 'c:\_wm\stm\asm-temp\main.asm'
No errors on assembly of 'c:\_wm\stm\asm-temp\main.asm'
No errors on assembly of 'c:\_wm\stm\asm-temp\main.asm'
No errors on assembly of 'c:\_wm\stm\asm-temp\mapping.asm'
No errors on assembly of 'c:\_wm\stm\asm-temp\mapping.asm'
No errors on assembly of 'c:\_wm\stm\_asm\stm8s105c_s.asm'
No errors on assembly of 'c:\_wm\stm\_asm\stm8s105c_s.asm'
No errors on assembly of 'c:\_wm\stm\_asm\functions.asm'
No errors on assembly of 'c:\_wm\stm\_asm\functions.asm'
No errors on assembly of 'c:\_wm\stm\asm-temp\main.asm'
No errors on assembly of 'c:\_wm\stm\asm-temp\main.asm'
No errors on assembly of 'c:\_wm\stm\asm-temp\main.asm'
No errors on assembly of 'c:\_wm\stm\asm-temp\main.asm'
No errors on assembly of 'c:\_wm\stm\asm-temp\main.asm'
No errors on assembly of 'c:\_wm\stm\asm-temp\main.asm'
No errors on assembly of 'c:\_wm\stm\asm-temp\main.asm'
No errors on assembly of 'c:\_wm\stm\asm-temp\main.asm'
No errors on assembly of 'c:\_wm\stm\asm-temp\main.asm'
No errors on assembly of 'c:\_wm\stm\asm-temp\main.asm'
No errors on assembly of 'c:\_wm\stm\asm-temp\main.asm'
No errors on assembly of 'c:\_wm\stm\asm-temp\main.asm'
No errors on assembly of 'c:\_wm\stm\asm-temp\main.asm'
No errors on assembly of 'c:\_wm\stm\asm-temp\main.asm'
No errors on assembly of 'c:\_wm\stm\asm-temp\main.asm'
No errors on assembly of 'c:\_wm\stm\asm-temp\main.asm'
No errors on assembly of 'c:\_wm\stm\asm-temp\main.asm'
No errors on assembly of 'c:\_wm\stm\asm-temp\main.asm'
No errors on assembly of 'c:\_wm\stm\asm-temp\main.asm'
No errors on assembly of 'c:\_wm\stm\asm-temp\main.asm'
No errors on assembly of 'c:\_wm\stm\asm-temp\main.asm'
No errors on assembly of 'c:\_wm\stm\asm-temp\main.asm'
No errors on assembly of 'c:\_wm\stm\asm-temp\main.asm'
No errors on assembly of 'c:\_wm\stm\asm-temp\mapping.asm'
No errors on assembly of 'c:\_wm\stm\asm-temp\mapping.asm'
No errors on assembly of 'c:\_wm\stm\_asm\functions.asm'
No errors on assembly of 'c:\_wm\stm\_asm\functions.asm'
No errors on assembly of 'c:\_wm\stm\asm-temp\main.asm'
No errors on assembly of 'c:\_wm\stm\asm-temp\main.asm'
No errors on assembly of 'c:\_wm\stm\asm-temp\mapping.asm'
No errors on assembly of 'c:\_wm\stm\asm-temp\mapping.asm'
No errors on assembly of 'c:\_wm\stm\_asm\functions.asm'
No errors on assembly of 'c:\_wm\stm\_asm\functions.asm'
No errors on assembly of 'c:\_wm\stm\asm-temp\main.asm'
No errors on assembly of 'c:\_wm\stm\asm-temp\main.asm'
No errors on assembly of 'c:\_wm\stm\asm-temp\mapping.asm'
No errors on assembly of 'c:\_wm\stm\asm-temp\mapping.asm'
No errors on assembly of 'c:\_wm\stm\_asm\stm8s103f.asm'
No errors on assembly of 'c:\_wm\stm\_asm\stm8s103f.asm'
No errors on assembly of 'c:\_wm\stm\_asm\functions.asm'
No errors on assembly of 'c:\_wm\stm\_asm\functions.asm'
No errors on assembly of 'c:\_wm\stm\asm-temp\main.asm'
No errors on assembly of 'c:\_wm\stm\asm-temp\main.asm'
No errors on assembly of 'c:\_wm\stm\asm-temp\main.asm'
No errors on assembly of 'c:\_wm\stm\asm-temp\main.asm'
No errors on assembly of 'c:\_wm\stm\asm-temp\main.asm'
No errors on assembly of 'c:\_wm\stm\asm-temp\main.asm'
No errors on assembly of 'c:\_wm\stm\asm-temp\main.asm'
No errors on assembly of 'c:\_wm\stm\asm-temp\main.asm'
No errors on assembly of 'c:\_wm\stm\asm-temp\main.asm'
No errors on assembly of 'c:\_wm\stm\asm-temp\main.asm'
No errors on assembly of 'c:\_wm\stm\asm-temp\main.asm'
c:\_wm\stm\asm-temp\main.asm(24): as1 : Error 54: Can't match Addressing mode '  ld PD_DDR,#28'
c:\_wm\stm\asm-temp\main.asm(25): as1 : Error 54: Can't match Addressing mode '  ld PC_DDR,#248'
c:\_wm\stm\asm-temp\main.asm(29): as1 : Error 54: Can't match Addressing mode '  ld PC_ODR,#0'
3 errors on assembly of 'c:\_wm\stm\asm-temp\main.asm'
c:\_wm\stm\asm-temp\main.asm(24): as1 : Error 54: Can't match Addressing mode '  ld PD_DDR,#28'
c:\_wm\stm\asm-temp\main.asm(25): as1 : Error 54: Can't match Addressing mode '  ld PC_DDR,#248'
c:\_wm\stm\asm-temp\main.asm(29): as1 : Error 54: Can't match Addressing mode '  ld PC_ODR,#0'
3 errors on assembly of 'c:\_wm\stm\asm-temp\main.asm'
c:\_wm\stm\asm-temp\main.asm(24): as1 : Error 54: Can't match Addressing mode '  ld PD_DDR,#28'
c:\_wm\stm\asm-temp\main.asm(25): as1 : Error 54: Can't match Addressing mode '  ld PC_DDR,#248'
c:\_wm\stm\asm-temp\main.asm(29): as1 : Error 54: Can't match Addressing mode '  ld PC_ODR,#0'
3 errors on assembly of 'c:\_wm\stm\asm-temp\main.asm'
c:\_wm\stm\asm-temp\main.asm(29): as1 : Error 54: Can't match Addressing mode '  ld PC_ODR,#0'
1 error on assembly of 'c:\_wm\stm\asm-temp\main.asm'
c:\_wm\stm\asm-temp\main.asm(29): as1 : Error 54: Can't match Addressing mode '  ld PC_ODR,#0'
1 error on assembly of 'c:\_wm\stm\asm-temp\main.asm'
No errors on assembly of 'c:\_wm\stm\asm-temp\main.asm'
No errors on assembly of 'c:\_wm\stm\asm-temp\main.asm'
c:\_wm\stm\asm-temp\main.asm(29): as1 : Error 54: Can't match Addressing mode '  BSET PD_ODR, #8'
1 error on assembly of 'c:\_wm\stm\asm-temp\main.asm'
c:\_wm\stm\asm-temp\main.asm(29): as1 : Error 54: Can't match Addressing mode '  BSET PD_ODR, #8'
1 error on assembly of 'c:\_wm\stm\asm-temp\main.asm'
c:\_wm\stm\asm-temp\main.asm(29): as1 : Error 54: Can't match Addressing mode '  BSET PD_ODR, #8'
1 error on assembly of 'c:\_wm\stm\asm-temp\main.asm'
No errors on assembly of 'c:\_wm\stm\asm-temp\main.asm'
No errors on assembly of 'c:\_wm\stm\asm-temp\main.asm'
No errors on assembly of 'c:\_wm\stm\asm-temp\main.asm'
No errors on assembly of 'c:\_wm\stm\asm-temp\main.asm'
No errors on assembly of 'c:\_wm\stm\asm-temp\main.asm'
No errors on assembly of 'c:\_wm\stm\asm-temp\main.asm'
No errors on assembly of 'c:\_wm\stm\asm-temp\main.asm'
No errors on assembly of 'c:\_wm\stm\asm-temp\main.asm'
No errors on assembly of 'c:\_wm\stm\asm-temp\main.asm'
No errors on assembly of 'c:\_wm\stm\asm-temp\main.asm'
No errors on assembly of 'c:\_wm\stm\asm-temp\main.asm'
No errors on assembly of 'c:\_wm\stm\asm-temp\main.asm'
No errors on assembly of 'c:\_wm\stm\asm-temp\main.asm'
No errors on assembly of 'c:\_wm\stm\asm-temp\main.asm'
No errors on assembly of 'c:\_wm\stm\asm-temp\main.asm'
No errors on assembly of 'c:\_wm\stm\asm-temp\main.asm'
No errors on assembly of 'c:\_wm\stm\asm-temp\main.asm'
No errors on assembly of 'c:\_wm\stm\asm-temp\main.asm'
No errors on assembly of 'c:\_wm\stm\asm-temp\mapping.asm'
No errors on assembly of 'c:\_wm\stm\asm-temp\mapping.asm'
No errors on assembly of 'c:\_wm\stm\_asm\stm8s103f.asm'
No errors on assembly of 'c:\_wm\stm\_asm\stm8s103f.asm'
No errors on assembly of 'c:\_wm\stm\asm-temp\main.asm'
No errors on assembly of 'c:\_wm\stm\asm-temp\main.asm'
No errors on assembly of 'c:\_wm\stm\asm-temp\mapping.asm'
No errors on assembly of 'c:\_wm\stm\asm-temp\mapping.asm'
No errors on assembly of 'c:\_wm\stm\asm-temp\main.asm'
No errors on assembly of 'c:\_wm\stm\asm-temp\main.asm'
No errors on assembly of 'c:\_wm\stm\asm-temp\mapping.asm'
No errors on assembly of 'c:\_wm\stm\asm-temp\mapping.asm'
No errors on assembly of 'c:\_wm\stm\_asm\stm8s103f.asm'
No errors on assembly of 'c:\_wm\stm\_asm\stm8s103f.asm'
No errors on assembly of 'c:\_wm\stm\asm-temp\main.asm'
No errors on assembly of 'c:\_wm\stm\asm-temp\main.asm'
No errors on assembly of 'c:\_wm\stm\asm-temp\mapping.asm'
No errors on assembly of 'c:\_wm\stm\asm-temp\mapping.asm'
No errors on assembly of 'c:\_wm\stm\_asm\stm8s103f.asm'
No errors on assembly of 'c:\_wm\stm\_asm\stm8s103f.asm'
No errors on assembly of 'c:\_wm\stm\asm-temp\main.asm'
No errors on assembly of 'c:\_wm\stm\asm-temp\main.asm'
No errors on assembly of 'c:\_wm\stm\asm-temp\main.asm'
No errors on assembly of 'c:\_wm\stm\asm-temp\main.asm'
No errors on assembly of 'c:\_wm\stm\asm-temp\main.asm'
No errors on assembly of 'c:\_wm\stm\asm-temp\mapping.asm'
No errors on assembly of 'c:\_wm\stm\asm-temp\mapping.asm'
No errors on assembly of 'c:\_wm\stm\_asm\functions.asm'
No errors on assembly of 'c:\_wm\stm\_asm\functions.asm'
No errors on assembly of 'c:\_wm\stm\asm-temp\main.asm'
No errors on assembly of 'c:\_wm\stm\asm-temp\main.asm'
No errors on assembly of 'c:\_wm\stm\asm-temp\mapping.asm'
No errors on assembly of 'c:\_wm\stm\asm-temp\mapping.asm'
No errors on assembly of 'c:\_wm\stm\_asm\stm8s103f.asm'
No errors on assembly of 'c:\_wm\stm\_asm\stm8s103f.asm'
No errors on assembly of 'c:\_wm\stm\_asm\functions.asm'
No errors on assembly of 'c:\_wm\stm\_asm\functions.asm'
No errors on assembly of 'c:\_wm\stm\asm-temp\main.asm'
No errors on assembly of 'c:\_wm\stm\asm-temp\main.asm'
No errors on assembly of 'c:\_wm\stm\asm-temp\main.asm'
No errors on assembly of 'c:\_wm\stm\asm-temp\main.asm'
No errors on assembly of 'c:\_wm\stm\asm-temp\main.asm'
No errors on assembly of 'c:\_wm\stm\asm-temp\mapping.asm'
No errors on assembly of 'c:\_wm\stm\asm-temp\mapping.asm'
No errors on assembly of 'c:\_wm\stm\_asm\stm8s103f.asm'
No errors on assembly of 'c:\_wm\stm\_asm\stm8s103f.asm'
No errors on assembly of 'c:\_wm\stm\_asm\functions.asm'
No errors on assembly of 'c:\_wm\stm\_asm\functions.asm'
No errors on assembly of 'c:\_wm\stm\asm-temp\main.asm'
No errors on assembly of 'c:\_wm\stm\asm-temp\main.asm'
No errors on assembly of 'c:\_wm\stm\asm-temp\main.asm'
No errors on assembly of 'c:\_wm\stm\asm-temp\main.asm'
No errors on assembly of 'c:\_wm\stm\asm-temp\main.asm'
